[debug] [2021-12-03T14:25:12.043Z] ----------------------------------------------------------------------
[debug] [2021-12-03T14:25:12.045Z] Command:       C:\Program Files\nodejs\node.exe C:\Users\agarza\AppData\Roaming\npm\node_modules\firebase-tools\lib\bin\firebase.js init
[debug] [2021-12-03T14:25:12.046Z] CLI Version:   9.23.0
[debug] [2021-12-03T14:25:12.046Z] Platform:      win32
[debug] [2021-12-03T14:25:12.046Z] Node Version:  v17.1.0
[debug] [2021-12-03T14:25:12.046Z] Time:          Fri Dec 03 2021 07:25:12 GMT-0700 (hora estándar del Pacífico de México)
[debug] [2021-12-03T14:25:12.047Z] ----------------------------------------------------------------------
[debug] 
[debug] [2021-12-03T14:25:12.052Z] > command requires scopes: ["email","openid","https://www.googleapis.com/auth/cloudplatformprojects.readonly","https://www.googleapis.com/auth/firebase","https://www.googleapis.com/auth/cloud-platform"]
[debug] [2021-12-03T14:25:12.052Z] > authorizing via signed-in user (tonalex7@gmail.com)
[info] 
     ######## #### ########  ######## ########     ###     ######  ########
     ##        ##  ##     ## ##       ##     ##  ##   ##  ##       ##
     ######    ##  ########  ######   ########  #########  ######  ######
     ##        ##  ##    ##  ##       ##     ## ##     ##       ## ##
     ##       #### ##     ## ######## ########  ##     ##  ######  ########

You're about to initialize a Firebase project in this directory:

  C:\CosasTonatiu\CongresoNacionalPsicologia2021\cnp2021

Before we get started, keep in mind:

  * You are currently outside your home directory

[info] 
=== Project Setup
[info] 
[info] First, let's associate this project directory with a Firebase project.
[info] You can create multiple project aliases by running firebase use --add, 
[info] but for now we'll just set up a default project.
[info] 
[debug] [2021-12-03T14:25:53.609Z] >>> [apiv2][query] GET https://firebase.googleapis.com/v1beta1/projects pageSize=100
[debug] [2021-12-03T14:25:54.049Z] <<< [apiv2][status] GET https://firebase.googleapis.com/v1beta1/projects 200
[debug] [2021-12-03T14:25:54.049Z] <<< [apiv2][body] GET https://firebase.googleapis.com/v1beta1/projects [omitted]
[info] i  Using project congreso-nacional-psicologia (Congreso Nacional Psicologia) 
[info] 
=== Hosting Setup
[info] 
[info] Your public directory is the folder (relative to your project directory) that
[info] will contain Hosting assets to be uploaded with firebase deploy. If you
[info] have a build process for your assets, use your build's output directory.
[info] 
[debug] [2021-12-03T14:30:04.957Z] >>> [apiv2][query] GET https://www.gstatic.com/firebasejs/releases.json [none]
[debug] [2021-12-03T14:30:05.214Z] <<< [apiv2][status] GET https://www.gstatic.com/firebasejs/releases.json 200
[debug] [2021-12-03T14:30:05.214Z] <<< [apiv2][body] GET https://www.gstatic.com/firebasejs/releases.json {"current":{"version":"9.6.0","browserURL":"https://www.gstatic.com/firebasejs/9.6.0/firebase.js","packageURL":"https://www.gstatic.com/firebasejs/9.6.0/firebase.tgz"},"live":{"version":"9.6","browserURL":"https://www.gstatic.com/firebasejs/live/9.6/firebase.js","packageURL":"https://www.gstatic.com/firebasejs/live/9.6/firebase.tgz"},"components":{"analytics":"https://www.gstatic.com/firebasejs/9.6.0/firebase-analytics.js","app":"https://www.gstatic.com/firebasejs/9.6.0/firebase-app.js","app-check":"https://www.gstatic.com/firebasejs/9.6.0/firebase-app-check.js","auth":"https://www.gstatic.com/firebasejs/9.6.0/firebase-auth.js","auth/cordova":"https://www.gstatic.com/firebasejs/9.6.0/firebase-auth/cordova.js","auth/react-native":"https://www.gstatic.com/firebasejs/9.6.0/firebase-auth/react-native.js","functions":"https://www.gstatic.com/firebasejs/9.6.0/firebase-functions.js","firestore":"https://www.gstatic.com/firebasejs/9.6.0/firebase-firestore.js","firestore/lite":"https://www.gstatic.com/firebasejs/9.6.0/firebase-firestore/lite.js","storage":"https://www.gstatic.com/firebasejs/9.6.0/firebase-storage.js","performance":"https://www.gstatic.com/firebasejs/9.6.0/firebase-performance.js","remote-config":"https://www.gstatic.com/firebasejs/9.6.0/firebase-remote-config.js","messaging":"https://www.gstatic.com/firebasejs/9.6.0/firebase-messaging.js","messaging/sw":"https://www.gstatic.com/firebasejs/9.6.0/firebase-messaging/sw.js","database":"https://www.gstatic.com/firebasejs/9.6.0/firebase-database.js","firestore.memory":"https://www.gstatic.com/firebasejs/9.6.0/firebase-firestore.memory.js"}}
[info] +  Wrote public/index.html 
[info] 
[info] i  Detected a .git folder at C:\CosasTonatiu\CongresoNacionalPsicologia2021\cnp2021 
[info] i  Authorizing with GitHub to upload your service account to a GitHub repository's secrets store. 
[info] 
[info] Visit this URL on this device to log in:
[info] https://github.com/login/oauth/authorize?client_id=89cf50f02ac6aaed3484&state=280259108&redirect_uri=http%3A%2F%2Flocalhost%3A9005&scope=read%3Auser%20repo%20public_repo
[info] 
[info] Waiting for authentication...
[debug] [2021-12-03T14:30:21.972Z] >>> HTTP REQUEST POST https://github.com/login/oauth/access_token  
 {"client_id":"89cf50f02ac6aaed3484","client_secret":"3330d14abc895d9a74d5f17cd7a00711fa2c5bf0","code":"ad55c82148230eb541db","redirect_uri":"http://localhost:9005","state":"280259108"}
[debug] [2021-12-03T14:30:22.948Z] <<< HTTP RESPONSE 200 {"server":"GitHub.com","date":"Fri, 03 Dec 2021 14:31:19 GMT","content-type":"application/json; charset=utf-8","transfer-encoding":"chunked","vary":"X-PJAX, X-PJAX-Container, Accept-Encoding, Accept, X-Requested-With","permissions-policy":"interest-cohort=()","etag":"W/\"b78bb8a193a8d7c156998498a531af00\"","cache-control":"max-age=0, private, must-revalidate","strict-transport-security":"max-age=31536000; includeSubdomains; preload","x-frame-options":"deny","x-content-type-options":"nosniff","x-xss-protection":"0","referrer-policy":"origin-when-cross-origin, strict-origin-when-cross-origin","expect-ct":"max-age=2592000, report-uri=\"https://api.github.com/_private/browser/errors\"","content-security-policy":"default-src 'none'; base-uri 'self'; block-all-mixed-content; child-src github.com/assets-cdn/worker/ gist.github.com/assets-cdn/worker/; connect-src 'self' uploads.github.com objects-origin.githubusercontent.com www.githubstatus.com collector.githubapp.com api.github.com github-cloud.s3.amazonaws.com github-production-repository-file-5c1aeb.s3.amazonaws.com github-production-upload-manifest-file-7fdce7.s3.amazonaws.com github-production-user-asset-6210df.s3.amazonaws.com cdn.optimizely.com logx.optimizely.com/v1/events translator.github.com wss://alive.github.com; font-src github.githubassets.com; form-action 'self' github.com gist.github.com objects-origin.githubusercontent.com; frame-ancestors 'none'; frame-src render.githubusercontent.com viewscreen.githubusercontent.com notebooks.githubusercontent.com; img-src 'self' data: github.githubassets.com identicons.github.com collector.githubapp.com github-cloud.s3.amazonaws.com secured-user-images.githubusercontent.com/ *.githubusercontent.com; manifest-src 'self'; media-src github.com user-images.githubusercontent.com/; script-src github.githubassets.com; style-src 'unsafe-inline' github.githubassets.com; worker-src github.com/assets-cdn/worker/ gist.github.com/assets-cdn/worker/","x-github-request-id":"3D05:66E2:66406:C6C22:61AA2A37"}
[debug] [2021-12-03T14:30:22.950Z] >>> [apiv2][query] GET https://api.github.com/user [none]
[debug] [2021-12-03T14:30:23.336Z] <<< [apiv2][status] GET https://api.github.com/user 200
[debug] [2021-12-03T14:30:23.336Z] <<< [apiv2][body] GET https://api.github.com/user {"login":"AlexisTonatiu","id":42222856,"node_id":"MDQ6VXNlcjQyMjIyODU2","avatar_url":"https://avatars.githubusercontent.com/u/42222856?v=4","gravatar_id":"","url":"https://api.github.com/users/AlexisTonatiu","html_url":"https://github.com/AlexisTonatiu","followers_url":"https://api.github.com/users/AlexisTonatiu/followers","following_url":"https://api.github.com/users/AlexisTonatiu/following{/other_user}","gists_url":"https://api.github.com/users/AlexisTonatiu/gists{/gist_id}","starred_url":"https://api.github.com/users/AlexisTonatiu/starred{/owner}{/repo}","subscriptions_url":"https://api.github.com/users/AlexisTonatiu/subscriptions","organizations_url":"https://api.github.com/users/AlexisTonatiu/orgs","repos_url":"https://api.github.com/users/AlexisTonatiu/repos","events_url":"https://api.github.com/users/AlexisTonatiu/events{/privacy}","received_events_url":"https://api.github.com/users/AlexisTonatiu/received_events","type":"User","site_admin":false,"name":"Alexis Tonatiu Garza Flores","company":"None","blog":"","location":null,"email":null,"hireable":true,"bio":"An Almost-Biomedical Engineer","twitter_username":null,"public_repos":5,"public_gists":0,"followers":0,"following":0,"created_at":"2018-08-08T22:21:36Z","updated_at":"2021-12-03T14:31:13Z","private_gists":0,"total_private_repos":2,"owned_private_repos":2,"disk_usage":253477,"collaborators":0,"two_factor_authentication":false,"plan":{"name":"free","space":976562499,"collaborators":0,"private_repos":10000}}
[info] 
[info] +  Success! Logged into GitHub as AlexisTonatiu 
[info] 
[debug] [2021-12-03T14:31:42.840Z] >>> [apiv2][query] GET https://api.github.com/repos/AlexisTonatiu/congreso-nacional-psicologia-2021/actions/secrets/public-key type=owner
[debug] [2021-12-03T14:31:43.518Z] <<< [apiv2][status] GET https://api.github.com/repos/AlexisTonatiu/congreso-nacional-psicologia-2021/actions/secrets/public-key 404
[debug] [2021-12-03T14:31:43.518Z] <<< [apiv2][body] GET https://api.github.com/repos/AlexisTonatiu/congreso-nacional-psicologia-2021/actions/secrets/public-key {"message":"Not Found","documentation_url":"https://docs.github.com/rest/reference/actions#get-a-repository-public-key"}
